#
# There is insufficient memory for the Java Runtime Environment to continue.
# Native memory allocation (mmap) failed to map 121634816 bytes. Error detail: G1 virtual space
# Possible reasons:
#   The system is out of physical RAM or swap space
#   This process is running with CompressedOops enabled, and the Java Heap may be blocking the growth of the native heap
# Possible solutions:
#   Reduce memory load on the system
#   Increase physical memory or swap space
#   Check if swap backing store is full
#   Decrease Java heap size (-Xmx/-Xms)
#   Decrease number of Java threads
#   Decrease Java thread stack sizes (-Xss)
#   Set larger code cache with -XX:ReservedCodeCacheSize=
#   JVM is running with Unscaled Compressed Oops mode in which the Java heap is
#     placed in the first 4GB address space. The Java Heap base address is the
#     maximum limit for the native heap growth. Please use -XX:HeapBaseMinAddress
#     to set the Java Heap base and to place the Java Heap above 4GB virtual address.
# This output file may be truncated or incomplete.
#
#  Out of Memory Error (os_windows.cpp:3925), pid=24344, tid=24944
#
# JRE version:  (21.0.8+1) (build )
# Java VM: OpenJDK 64-Bit Server VM (21.0.8+1-b1038.71, mixed mode, sharing, tiered, compressed oops, compressed class ptrs, g1 gc, windows-amd64)
# No core dump will be written. Minidumps are not enabled by default on client versions of Windows
#

---------------  S U M M A R Y ------------

Command Line: git4idea.http.GitAskPassApp Username for 'https://github.com': 

Host: AMD Ryzen 5 6600H with Radeon Graphics         , 12 cores, 7G,  Windows 11 , 64 bit Build 26100 (10.0.26100.6725)
Time: Wed Oct 22 15:18:54 2025 SE Asia Standard Time elapsed time: 1.091010 seconds (0d 0h 0m 1s)

---------------  T H R E A D  ---------------

Current thread (0x000001b7e6c38ae0):  JavaThread "Unknown thread" [_thread_in_vm, id=24944, stack(0x0000006267a00000,0x0000006267b00000) (1024K)]

Stack: [0x0000006267a00000,0x0000006267b00000]
Native frames: (J=compiled Java code, j=interpreted, Vv=VM code, C=native code)
V  [jvm.dll+0x6ebeb9]
V  [jvm.dll+0x8cbec3]
V  [jvm.dll+0x8ce47e]
V  [jvm.dll+0x8ceb63]
V  [jvm.dll+0x28adf6]
V  [jvm.dll+0x6e8695]
V  [jvm.dll+0x6dbeea]
V  [jvm.dll+0x36689b]
V  [jvm.dll+0x36e466]
V  [jvm.dll+0x3c08c6]
V  [jvm.dll+0x3c0b98]
V  [jvm.dll+0x3390cc]
V  [jvm.dll+0x339dbb]
V  [jvm.dll+0x893349]
V  [jvm.dll+0x3cda98]
V  [jvm.dll+0x87c368]
V  [jvm.dll+0x46283e]
V  [jvm.dll+0x464521]
C  [jli.dll+0x52ab]
C  [ucrtbase.dll+0x37b0]
C  [KERNEL32.DLL+0x2e8d7]
C  [ntdll.dll+0x8c53c]


---------------  P R O C E S S  ---------------

Threads class SMR info:
_java_thread_list=0x00007ff983a732c8, length=0, elements={
}

Java Threads: ( => current thread )
Total: 0

Other Threads:
  0x000001b7e6c11ab0 WorkerThread "GC Thread#0"                     [id=9856, stack(0x0000006267b00000,0x0000006267c00000) (1024K)]
  0x000001b7e8ff09f0 ConcurrentGCThread "G1 Main Marker"            [id=1624, stack(0x0000006267c00000,0x0000006267d00000) (1024K)]
  0x000001b7e6c10fd0 WorkerThread "G1 Conc#0"                       [id=16852, stack(0x0000006267d00000,0x0000006267e00000) (1024K)]

[error occurred during error reporting (printing all threads), id 0xc0000005, EXCEPTION_ACCESS_VIOLATION (0xc0000005) at pc=0x00007ff98315c0b7]
VM state: not at safepoint (not fully initialized)

VM Mutex/Monitor currently owned by a thread:  ([mutex/lock_event])
[0x00007ff983ae7d58] Heap_lock - owner thread: 0x000001b7e6c38ae0

Heap address: 0x000000008ce00000, size: 1842 MB, Compressed Oops mode: 32-bit

CDS archive(s) mapped at: [0x0000000000000000-0x0000000000000000-0x0000000000000000), size 0, SharedBaseAddress: 0x0000000800000000, ArchiveRelocationMode: 1.
Narrow klass base: 0x0000000000000000, Narrow klass shift: 0, Narrow klass range: 0x0

GC Precious Log:
 CardTable entry size: 512
 Card Set container configuration: InlinePtr #cards 5 size 8 Array Of Cards #cards 12 size 40 Howl #buckets 4 coarsen threshold 1843 Howl Bitmap #cards 512 size 80 coarsen threshold 460 Card regions per heap region 1 cards per card region 2048

Heap:
 garbage-first heap   total 0K, used 0K [0x000000008ce00000, 0x0000000100000000)
  region size 1024K, 0 young (0K), 0 survivors (0K)
 Metaspace       used 0K, committed 0K, reserved 0K
  class space    used 0K, committed 0K, reserved 0K

Heap Regions: E=young(eden), S=young(survivor), O=old, HS=humongous(starts), HC=humongous(continues), CS=collection set, F=free, TAMS=top-at-mark-start, PB=parsable bottom

Card table byte_map: [0x000001b7fc8c0000,0x000001b7fcc60000] _byte_map_base: 0x000001b7fc459000

Marking Bits: (CMBitMap*) 0x000001b7e8fe0c50
 Bits: [0x000001b7fcc60000, 0x000001b7fe928000)

GC Heap History (0 events):
No events

Dll operation events (1 events):
Event: 0.010 Loaded shared library D:\WebStorm 2025.2.2\jbr\bin\java.dll

Deoptimization events (0 events):
No events

Classes loaded (0 events):
No events

Classes unloaded (0 events):
No events

Classes redefined (0 events):
No events

Internal exceptions (0 events):
No events

ZGC Phase Switch (0 events):
No events

VM Operations (0 events):
No events

Memory protections (0 events):
No events

Nmethod flushes (0 events):
No events

Events (0 events):
No events


Dynamic libraries:
0x00007ff798860000 - 0x00007ff79886a000 	D:\WebStorm 2025.2.2\jbr\bin\java.exe
0x00007ffa877c0000 - 0x00007ffa87a28000 	C:\WINDOWS\SYSTEM32\ntdll.dll
0x00007ffa86770000 - 0x00007ffa86839000 	C:\WINDOWS\System32\KERNEL32.DLL
0x00007ffa84e40000 - 0x00007ffa85232000 	C:\WINDOWS\System32\KERNELBASE.dll
0x00007ffa85440000 - 0x00007ffa8558b000 	C:\WINDOWS\System32\ucrtbase.dll
0x00007ffa5f890000 - 0x00007ffa5f8ab000 	D:\WebStorm 2025.2.2\jbr\bin\VCRUNTIME140.dll
0x00007ffa5f860000 - 0x00007ffa5f878000 	D:\WebStorm 2025.2.2\jbr\bin\jli.dll
0x00007ffa85b10000 - 0x00007ffa85cd5000 	C:\WINDOWS\System32\USER32.dll
0x00007ffa84950000 - 0x00007ffa84977000 	C:\WINDOWS\System32\win32u.dll
0x00007ffa56c50000 - 0x00007ffa56ee3000 	C:\WINDOWS\WinSxS\amd64_microsoft.windows.common-controls_6595b64144ccf1df_6.0.26100.6899_none_3e0efeeae32e88c1\COMCTL32.dll
0x00007ffa86b30000 - 0x00007ffa86b5b000 	C:\WINDOWS\System32\GDI32.dll
0x00007ffa861c0000 - 0x00007ffa86269000 	C:\WINDOWS\System32\msvcrt.dll
0x00007ffa84d10000 - 0x00007ffa84e3d000 	C:\WINDOWS\System32\gdi32full.dll
0x00007ffa84980000 - 0x00007ffa84a23000 	C:\WINDOWS\System32\msvcp_win.dll
0x00007ffa866b0000 - 0x00007ffa866df000 	C:\WINDOWS\System32\IMM32.DLL
0x00007ffa6a430000 - 0x00007ffa6a43c000 	D:\WebStorm 2025.2.2\jbr\bin\vcruntime140_1.dll
0x00007ffa4f310000 - 0x00007ffa4f39d000 	D:\WebStorm 2025.2.2\jbr\bin\msvcp140.dll
0x00007ff982e10000 - 0x00007ff983bdb000 	D:\WebStorm 2025.2.2\jbr\bin\server\jvm.dll
0x00007ffa86a70000 - 0x00007ffa86b24000 	C:\WINDOWS\System32\ADVAPI32.dll
0x00007ffa876a0000 - 0x00007ffa87746000 	C:\WINDOWS\System32\sechost.dll
0x00007ffa86cb0000 - 0x00007ffa86dc8000 	C:\WINDOWS\System32\RPCRT4.dll
0x00007ffa866f0000 - 0x00007ffa86764000 	C:\WINDOWS\System32\WS2_32.dll
0x00007ffa847d0000 - 0x00007ffa8482e000 	C:\WINDOWS\SYSTEM32\POWRPROF.dll
0x00007ffa7a980000 - 0x00007ffa7a9b5000 	C:\WINDOWS\SYSTEM32\WINMM.dll
0x00007ffa7a9c0000 - 0x00007ffa7a9cb000 	C:\WINDOWS\SYSTEM32\VERSION.dll
0x00007ffa84790000 - 0x00007ffa847a4000 	C:\WINDOWS\SYSTEM32\UMPDC.dll
0x00007ffa83700000 - 0x00007ffa8371b000 	C:\WINDOWS\SYSTEM32\kernel.appcore.dll
0x00007ffa69110000 - 0x00007ffa6911a000 	D:\WebStorm 2025.2.2\jbr\bin\jimage.dll
0x00007ffa77490000 - 0x00007ffa776d2000 	C:\WINDOWS\SYSTEM32\DBGHELP.DLL
0x00007ffa85ce0000 - 0x00007ffa8605b000 	C:\WINDOWS\System32\combase.dll
0x00007ffa85a20000 - 0x00007ffa85af7000 	C:\WINDOWS\System32\OLEAUT32.dll
0x00007ffa5ac60000 - 0x00007ffa5ac9c000 	C:\WINDOWS\SYSTEM32\dbgcore.DLL
0x00007ffa84c70000 - 0x00007ffa84d08000 	C:\WINDOWS\System32\bcryptPrimitives.dll
0x00007ffa53680000 - 0x00007ffa536a0000 	D:\WebStorm 2025.2.2\jbr\bin\java.dll

JVMTI agents: none

dbghelp: loaded successfully - version: 4.0.5 - missing functions: none
symbol engine: initialized successfully - sym options: 0x614 - pdb path: .;D:\WebStorm 2025.2.2\jbr\bin;C:\WINDOWS\SYSTEM32;C:\WINDOWS\WinSxS\amd64_microsoft.windows.common-controls_6595b64144ccf1df_6.0.26100.6899_none_3e0efeeae32e88c1;D:\WebStorm 2025.2.2\jbr\bin\server

VM Arguments:
java_command: git4idea.http.GitAskPassApp Username for 'https://github.com': 
java_class_path (initial): D:/WebStorm 2025.2.2/plugins/vcs-git/lib/git4idea-rt.jar;D:/WebStorm 2025.2.2/lib/externalProcess-rt.jar
Launcher Type: SUN_STANDARD

[Global flags]
     intx CICompilerCount                          = 4                                         {product} {ergonomic}
     uint ConcGCThreads                            = 3                                         {product} {ergonomic}
     uint G1ConcRefinementThreads                  = 10                                        {product} {ergonomic}
   size_t G1HeapRegionSize                         = 1048576                                   {product} {ergonomic}
    uintx GCDrainStackTargetSize                   = 64                                        {product} {ergonomic}
   size_t InitialHeapSize                          = 121634816                                 {product} {ergonomic}
   size_t MarkStackSize                            = 4194304                                   {product} {ergonomic}
   size_t MaxHeapSize                              = 1931476992                                {product} {ergonomic}
   size_t MinHeapDeltaBytes                        = 1048576                                   {product} {ergonomic}
   size_t MinHeapSize                              = 8388608                                   {product} {ergonomic}
    uintx NonNMethodCodeHeapSize                   = 5839372                                {pd product} {ergonomic}
    uintx NonProfiledCodeHeapSize                  = 122909434                              {pd product} {ergonomic}
    uintx ProfiledCodeHeapSize                     = 122909434                              {pd product} {ergonomic}
    uintx ReservedCodeCacheSize                    = 251658240                              {pd product} {ergonomic}
     bool SegmentedCodeCache                       = true                                      {product} {ergonomic}
   size_t SoftMaxHeapSize                          = 1931476992                             {manageable} {ergonomic}
     bool UseCompressedOops                        = true                           {product lp64_product} {ergonomic}
     bool UseG1GC                                  = true                                      {product} {ergonomic}
     bool UseLargePagesIndividualAllocation        = false                                  {pd product} {ergonomic}

Logging:
Log output configuration:
 #0: stdout all=warning uptime,level,tags foldmultilines=false
 #1: stderr all=off uptime,level,tags foldmultilines=false

Environment Variables:
JAVA_HOME=D:\Downloads\jdk-21_windows-x64_bin\jdk-21.0.8
PATH=C:\Program Files\Git\mingw64\libexec\git-core;C:\Program Files\Git\mingw64\libexec\git-core;C:\Program Files\Git\mingw64\bin;C:\Program Files\Git\usr\bin;C:\Users\khanh\bin;C:\windows\system32;C:\windows;C:\windows\System32\Wbem;C:\windows\System32\WindowsPowerShell\v1.0;C:\windows\System32\OpenSSH;C:\Program Files (x86)\NVIDIA Corporation\PhysX\Common;C:\WINDOWS\system32;C:\WINDOWS;C:\WINDOWS\System32\Wbem;C:\WINDOWS\System32\WindowsPowerShell\v1.0;C:\WINDOWS\System32\OpenSSH;C:\Program Files\Microsoft SQL Server\Client SDK\ODBC\170\Tools\Binn;C:\Program Files\Docker\Docker\resources\bin;C:\Program Files\Git\cmd;D:\cursor\resources\app\bin;C:\Program Files\Microsoft SQL Server\Client SDK\ODBC\170\Tools\Binn;C:\Program Files\dotnet;C:\Program Files (x86)\Microsoft SQL Server\160\Tools\Binn;C:\Program Files\Microsoft SQL Server\160\Tools\Binn;C:\Program Files\Microsoft SQL Server\160\DTS\Binn;C:\Program Files (x86)\Microsoft SQL Server\160\DTS\Binn;D:\Downloads\jdk-21_windows-x64_bin\jdk-21.0.8\bin;C:\Program Files\nodejs;C:\Program Files\NVIDIA Corporation\NVIDIA App\NvDLISR;C:\WINDOWS\system32;C:\WINDOWS;C:\WINDOWS\System32\Wbem;C:\WINDOWS\System32\WindowsPowerShell\v1.0;C:\WINDOWS\System32\OpenSSH;C:\Program Files\MySQL\MySQL Server 8.0\bin;D:\cursor\resources\app\bin;C:\Users\khanh\AppData\Local\Microsoft\WindowsApps;C:\Program Files\JetBrains\IntelliJ IDEA 2024.3\bin;D:\Downloads\flutter_windows_3.29.3-stable\flutter\bin;C:\Users\khanh\.dotnet\tools;C:\Users\khanh\AppData\Roaming\npm;C:\Users\khanh\AppData\Local\Programs\Windsurf\bin;C:\Users\khanh\AppData\Local\Programs\Microsoft VS Code\bin;D:\WebStorm 2025.2.2\bin
USERNAME=khanh
DISPLAY=:0.0
LC_ALL=en_US.UTF-8
TERM=xterm-256color
TMPDIR=C:\Users\khanh\AppData\Local\Temp
OS=Windows_NT
PROCESSOR_IDENTIFIER=AMD64 Family 25 Model 68 Stepping 1, AuthenticAMD
TMP=C:\Users\khanh\AppData\Local\Temp
TEMP=C:\Users\khanh\AppData\Local\Temp




Periodic native trim disabled

JNI global refs:
JNI global refs: 0, weak refs: 0

JNI global refs memory usage: 0, weak refs: 0

Process memory usage:
Resident Set Size: 12368K (0% of 7541976K total physical memory with 294764K free physical memory)

OOME stack traces (most recent first):
Classloader memory used:

---------------  S Y S T E M  ---------------

OS:
 Windows 11 , 64 bit Build 26100 (10.0.26100.6725)
OS uptime: 5 days 12:35 hours
Hyper-V role detected

CPU: total 12 (initial active 12) (12 cores per cpu, 2 threads per core) family 25 model 68 stepping 1 microcode 0xa404105, cx8, cmov, fxsr, ht, mmx, 3dnowpref, sse, sse2, sse3, ssse3, sse4a, sse4.1, sse4.2, popcnt, lzcnt, tsc, tscinvbit, avx, avx2, aes, erms, clmul, bmi1, bmi2, adx, sha, fma, vzeroupper, clflush, clflushopt, hv, rdtscp, rdpid, fsrm, f16c, cet_ss
Processor Information for processor 0
  Max Mhz: 3301, Current Mhz: 3301, Mhz Limit: 3301
Processor Information for processor 1
  Max Mhz: 3301, Current Mhz: 3301, Mhz Limit: 3301
Processor Information for processor 2
  Max Mhz: 3301, Current Mhz: 2640, Mhz Limit: 3301
Processor Information for processor 3
  Max Mhz: 3301, Current Mhz: 3301, Mhz Limit: 3301
Processor Information for processor 4
  Max Mhz: 3301, Current Mhz: 2640, Mhz Limit: 3301
Processor Information for processor 5
  Max Mhz: 3301, Current Mhz: 3301, Mhz Limit: 3301
Processor Information for processor 6
  Max Mhz: 3301, Current Mhz: 2640, Mhz Limit: 3301
Processor Information for processor 7
  Max Mhz: 3301, Current Mhz: 2640, Mhz Limit: 3301
Processor Information for processor 8
  Max Mhz: 3301, Current Mhz: 3301, Mhz Limit: 3301
Processor Information for processor 9
  Max Mhz: 3301, Current Mhz: 3301, Mhz Limit: 3301
Processor Information for processor 10
  Max Mhz: 3301, Current Mhz: 3301, Mhz Limit: 3301
Processor Information for processor 11
  Max Mhz: 3301, Current Mhz: 2640, Mhz Limit: 3301

Memory: 4k page, system-wide physical 7365M (287M free)
TotalPageFile size 29893M (AvailPageFile size 113M)
current process WorkingSet (physical memory assigned to process): 12M, peak: 12M
current process commit charge ("private bytes"): 64M, peak: 180M

vm_info: OpenJDK 64-Bit Server VM (21.0.8+1-b1038.71) for windows-amd64 JRE (21.0.8+1-b1038.71), built on 2025-09-04 by "builduser" with MS VC++ 16.10 / 16.11 (VS2019)

END.
